\BOOKMARK [1][-]{section.1}{Introduction}{}% 1
\BOOKMARK [2][-]{subsection.1.1}{Problem}{section.1}% 2
\BOOKMARK [2][-]{subsection.1.2}{Approaches currently used}{section.1}% 3
\BOOKMARK [1][-]{section.2}{Biological Background}{}% 4
\BOOKMARK [2][-]{subsubsection.2.0.1}{Key words}{section.2}% 5
\BOOKMARK [1][-]{section.3}{Modelling}{}% 6
\BOOKMARK [2][-]{subsection.3.1}{Further Model assumptions}{section.3}% 7
\BOOKMARK [2][-]{subsection.3.2}{F-Layer}{section.3}% 8
\BOOKMARK [2][-]{subsection.3.3}{Admixture Layer}{section.3}% 9
\BOOKMARK [2][-]{subsection.3.4}{Combining the Layers}{section.3}% 10
\BOOKMARK [2][-]{subsection.3.5}{Summary}{section.3}% 11
\BOOKMARK [2][-]{subsection.3.6}{Looking at Admixture}{section.3}% 12
\BOOKMARK [2][-]{subsection.3.7}{Analysis}{section.3}% 13
\BOOKMARK [2][-]{subsection.3.8}{Relationship to LDA}{section.3}% 14
\BOOKMARK [1][-]{section.4}{Theory}{}% 15
\BOOKMARK [2][-]{subsection.4.1}{Approximate Bayesian Computation}{section.4}% 16
\BOOKMARK [3][-]{subsubsection.4.1.1}{Rejection Algorithm}{subsection.4.1}% 17
\BOOKMARK [3][-]{subsubsection.4.1.2}{Relationship to Supervised Learning}{subsection.4.1}% 18
\BOOKMARK [3][-]{subsubsection.4.1.3}{Summary Statistics}{subsection.4.1}% 19
\BOOKMARK [2][-]{subsection.4.2}{Choosing the Summary Statistics}{section.4}% 20
\BOOKMARK [3][-]{subsubsection.4.2.1}{PCA}{subsection.4.2}% 21
\BOOKMARK [3][-]{subsubsection.4.2.2}{In context to clustering}{subsection.4.2}% 22
\BOOKMARK [2][-]{subsection.4.3}{Examples}{section.4}% 23
\BOOKMARK [3][-]{subsubsection.4.3.1}{Difficulties}{subsection.4.3}% 24
\BOOKMARK [2][-]{subsection.4.4}{RMT}{section.4}% 25
\BOOKMARK [1][-]{section.5}{Gradient Boosting}{}% 26
\BOOKMARK [1][-]{section.6}{Results}{}% 27
\BOOKMARK [1][-]{section.7}{Discussion}{}% 28
